Log file open, 10/16/17 14:37:31
LogInit:Display: Running engine for game: MyWhitbox
LogPlatformFile: Not using cached read wrapper
LogInit:Display: RandInit(264369551) SRandInit(264369551).
LogTaskGraph: Started task graph with 5 named threads and 8 total threads with 1 sets of task threads.
LogStats: Stats thread started at 0.083781
LogInit: Using libcurl 7.47.1
LogInit:  - built for x86_64-pc-win32
LogInit:  - supports SSL with OpenSSL/1.0.2g
LogInit:  - supports HTTP deflate (compression) using libz 1.2.8
LogInit:  - other features:
LogInit:      CURL_VERSION_SSL
LogInit:      CURL_VERSION_LIBZ
LogInit:      CURL_VERSION_IPV6
LogInit:      CURL_VERSION_ASYNCHDNS
LogInit:      CURL_VERSION_LARGEFILE
LogInit:      CURL_VERSION_IDN
LogInit:  CurlRequestOptions (configurable via config and command line):
LogInit:  - bVerifyPeer = false  - Libcurl will NOT verify peer certificate
LogInit:  - bUseHttpProxy = false  - Libcurl will NOT use HTTP proxy
LogInit:  - bDontReuseConnections = false  - Libcurl will reuse connections
LogInit:  - CertBundlePath = nullptr  - Libcurl will use whatever was configured at build time.
LogInit: Build: ++UE4+Release-4.16-CL-3561208
LogInit: Engine Version: 4.16.3-3561208+++UE4+Release-4.16
LogInit: Compatible Engine Version: 4.16.0-3452394+++UE4+Release-4.16
LogInit: Net CL: 3452394
LogDevObjectVersion: Number of dev versions registered: 16
LogDevObjectVersion:   Dev-Blueprints (B0D832E4-1F89-4F0D-ACCF-7EB736FD4AA2): 9
LogDevObjectVersion:   Dev-Build (E1C64328-A22C-4D53-A36C-8E866417BD8C): 0
LogDevObjectVersion:   Dev-Core (375EC13C-06E4-48FB-B500-84F0262A717E): 2
LogDevObjectVersion:   Dev-Editor (E4B068ED-F494-42E9-A231-DA0B2E46BB41): 17
LogDevObjectVersion:   Dev-Framework (CFFC743F-43B0-4480-9391-14DF171D2073): 23
LogDevObjectVersion:   Dev-Mobile (B02B49B5-BB20-44E9-A304-32B752E40360): 0
LogDevObjectVersion:   Dev-Networking (A4E4105C-59A1-49B5-A7C5-40C4547EDFEE): 0
LogDevObjectVersion:   Dev-Online (39C831C9-5AE6-47DC-9A44-9C173E1C8E7C): 0
LogDevObjectVersion:   Dev-Physics (78F01B33-EBEA-4F98-B9B4-84EACCB95AA2): 0
LogDevObjectVersion:   Dev-Platform (6631380F-2D4D-43E0-8009-CF276956A95A): 0
LogDevObjectVersion:   Dev-Rendering (12F88B9F-8875-4AFC-A67C-D90C383ABD29): 15
LogDevObjectVersion:   Dev-Sequencer (7B5AE74C-D270-4C10-A958-57980B212A5A): 4
LogDevObjectVersion:   Dev-VR (D7296918-1DD6-4BDD-9DE2-64A83CC13884): 0
LogDevObjectVersion:   Dev-LoadTimes (C2A15278-BFE7-4AFE-6C17-90FF531DF755): 1
LogDevObjectVersion:   Private-Geometry (6EACA3D4-40EC-4CC1-B786-8BED09428FC5): 1
LogDevObjectVersion:   Dev-AnimPhys (29E575DD-E0A3-4627-9D10-D276232CDCEA): 3
LogInit: Compiled (64-bit): Jul 28 2017 11:49:47
LogInit: Compiled with Visual C++: 19.00.24215.01
LogInit: Build Configuration: Development
LogInit: Branch Name: ++UE4+Release-4.16
LogInit: Command line:  
LogInit: Base directory: C:/Program Files/Epic Games/UE_4.16/Engine/Binaries/Win64/
LogInit: Installed Engine Build: 1
LogInit: Presizing for max 8388607 objects, including 0 objects not considered by GC, pre-allocating 0 bytes for permanent pool.
LogInit: Object subsystem initialized
[2017.10.16-20.37.31:906][  0]LogInit: Selected Device Profile: [Windows]
[2017.10.16-20.37.31:906][  0]LogInit: Applying CVar settings loaded from the selected device profile: [Windows]
[2017.10.16-20.37.31:979][  0]LogInit: Computer: eae-d-014
[2017.10.16-20.37.31:979][  0]LogInit: User: u0754412
[2017.10.16-20.37.31:979][  0]LogInit: CPU Page size=4096, Cores=4
[2017.10.16-20.37.31:979][  0]LogInit: High frequency timer resolution =3.513596 MHz
[2017.10.16-20.37.31:979][  0]LogMemory: Memory total: Physical=31.9GB (32GB approx)
[2017.10.16-20.37.31:979][  0]LogMemory: Platform Memory Stats for Windows
[2017.10.16-20.37.31:979][  0]LogMemory: Process Physical Memory: 273.37 MB used, 273.37 MB peak
[2017.10.16-20.37.31:979][  0]LogMemory: Process Virtual Memory: 260.73 MB used, 260.73 MB peak
[2017.10.16-20.37.31:979][  0]LogMemory: Physical Memory: 9139.61 MB used,  23505.03 MB free, 32644.64 MB total
[2017.10.16-20.37.31:979][  0]LogMemory: Virtual Memory: 638.48 MB used,  23505.03 MB free, 134217728.00 MB total
[2017.10.16-20.37.32:040][  0]LogInit: Using OS detected language (en-US).
[2017.10.16-20.37.32:040][  0]LogInit: Using OS detected locale (en-US).
[2017.10.16-20.37.32:043][  0]LogTextLocalizationManager: No specific localization for 'en-US' exists, so the 'en' localization will be used.
[2017.10.16-20.37.32:867][  0]LogD3D11RHI: D3D11 adapters:
[2017.10.16-20.37.32:910][  0]LogD3D11RHI:    0. 'NVIDIA GeForce GTX 1070' (Feature Level 11_0)
[2017.10.16-20.37.32:910][  0]LogD3D11RHI:       8081/0/16322 MB DedicatedVideo/DedicatedSystem/SharedSystem, Outputs:1, VendorId:0x10de
[2017.10.16-20.37.32:914][  0]LogD3D11RHI:    1. 'Intel(R) HD Graphics 4600' (Feature Level 11_0)
[2017.10.16-20.37.32:914][  0]LogD3D11RHI:       112/0/2048 MB DedicatedVideo/DedicatedSystem/SharedSystem, Outputs:0, VendorId:0x8086
[2017.10.16-20.37.32:915][  0]LogD3D11RHI:    2. 'Microsoft Basic Render Driver' (Feature Level 11_0)
[2017.10.16-20.37.32:915][  0]LogD3D11RHI:       0/0/16322 MB DedicatedVideo/DedicatedSystem/SharedSystem, Outputs:0, VendorId:0x1414
[2017.10.16-20.37.32:915][  0]LogD3D11RHI: Chosen D3D11 Adapter: 0
[2017.10.16-20.37.32:924][  0]LogD3D11RHI: Creating new Direct3DDevice
[2017.10.16-20.37.32:924][  0]LogD3D11RHI:     GPU DeviceId: 0x1b81 (for the marketing name, search the web for "GPU Device Id")
[2017.10.16-20.37.32:924][  0]LogWindows: EnumDisplayDevices:
[2017.10.16-20.37.32:924][  0]LogWindows:    0. 'NVIDIA GeForce GTX 1070' (P:1 D:1)
[2017.10.16-20.37.32:924][  0]LogWindows:    1. 'NVIDIA GeForce GTX 1070' (P:0 D:0)
[2017.10.16-20.37.32:924][  0]LogWindows:    2. 'NVIDIA GeForce GTX 1070' (P:0 D:0)
[2017.10.16-20.37.32:924][  0]LogWindows:    3. 'NVIDIA GeForce GTX 1070' (P:0 D:0)
[2017.10.16-20.37.32:924][  0]LogWindows:    4. 'Intel(R) HD Graphics 4600' (P:0 D:0)
[2017.10.16-20.37.32:924][  0]LogWindows:    5. 'Intel(R) HD Graphics 4600' (P:0 D:0)
[2017.10.16-20.37.32:924][  0]LogWindows:    6. 'Intel(R) HD Graphics 4600' (P:0 D:0)
[2017.10.16-20.37.32:924][  0]LogWindows: DebugString: PrimaryIsNotTheChoosenAdapter PrimaryIsNotTheChoosenAdapter PrimaryIsNotTheChoosenAdapter FoundDriverCount:4 
[2017.10.16-20.37.32:925][  0]LogD3D11RHI:     Adapter Name: NVIDIA GeForce GTX 1070
[2017.10.16-20.37.32:925][  0]LogD3D11RHI:   Driver Version: 384.76 (internal:22.21.13.8476, unified:384.76)
[2017.10.16-20.37.32:925][  0]LogD3D11RHI:      Driver Date: 6-27-2017
[2017.10.16-20.37.32:925][  0]LogRHI: Texture pool is 1361 MB (70% of 1945 MB)
[2017.10.16-20.37.32:947][  0]LogD3D11RHI: Async texture creation enabled
[2017.10.16-20.37.32:957][  0]LogD3D11RHI: GPU Timing Frequency: 1000.000000 (Debug: 2 1)
[2017.10.16-20.37.33:005][  0]LogShaderCompilers: Guid format shader working directory is 14 characters bigger than the processId version (E:/EAE 3660/dream team/my whitebox/Intermediate/Shaders/WorkingDirectory/36844/).
[2017.10.16-20.37.33:005][  0]LogShaderCompilers: Cleaned the shader compiler working directory 'C:/Users/u0754412/AppData/Local/Temp/UnrealShaderWorkingDir/E2CC5FEE46A0C08EF60D37A09EFE7140/'.
[2017.10.16-20.37.33:005][  0]LogShaderCompilers:Display: Using Local Shader Compiler.
[2017.10.16-20.37.33:909][  0]LogTemp:Display: Loaded TP AllDesktopTargetPlatform
[2017.10.16-20.37.33:953][  0]LogTemp:Display: Loaded TP MacClientTargetPlatform
[2017.10.16-20.37.33:997][  0]LogTemp:Display: Loaded TP MacNoEditorTargetPlatform
[2017.10.16-20.37.34:043][  0]LogTemp:Display: Loaded TP MacServerTargetPlatform
[2017.10.16-20.37.34:087][  0]LogTemp:Display: Loaded TP MacTargetPlatform
[2017.10.16-20.37.34:130][  0]LogTemp:Display: Loaded TP WindowsClientTargetPlatform
[2017.10.16-20.37.34:174][  0]LogTemp:Display: Loaded TP WindowsNoEditorTargetPlatform
[2017.10.16-20.37.34:217][  0]LogTemp:Display: Loaded TP WindowsServerTargetPlatform
[2017.10.16-20.37.34:257][  0]LogTemp:Display: Loaded TP WindowsTargetPlatform
[2017.10.16-20.37.34:298][  0]LogTemp:Display: Loaded TP AndroidTargetPlatform
[2017.10.16-20.37.34:340][  0]LogTemp:Display: Loaded TP Android_ASTCTargetPlatform
[2017.10.16-20.37.34:384][  0]LogTemp:Display: Loaded TP Android_ATCTargetPlatform
[2017.10.16-20.37.34:426][  0]LogTemp:Display: Loaded TP Android_DXTTargetPlatform
[2017.10.16-20.37.34:467][  0]LogTemp:Display: Loaded TP Android_ETC1TargetPlatform
[2017.10.16-20.37.34:509][  0]LogTemp:Display: Loaded TP Android_ETC2TargetPlatform
[2017.10.16-20.37.34:593][  0]LogTemp:Display: Loaded TP Android_MultiTargetPlatform
[2017.10.16-20.37.34:593][  0]LogTemp:Display: Loaded TP Android_PVRTCTargetPlatform
[2017.10.16-20.37.34:626][  0]LogTemp:Display: Loaded TP HTML5TargetPlatform
[2017.10.16-20.37.34:707][  0]LogTemp:Display: Loaded TP IOSTargetPlatform
[2017.10.16-20.37.34:733][  0]LogTemp:Display: Loaded TP TVOSTargetPlatform
[2017.10.16-20.37.34:775][  0]LogTemp:Display: Loaded TP LinuxClientTargetPlatform
[2017.10.16-20.37.34:817][  0]LogTemp:Display: Loaded TP LinuxNoEditorTargetPlatform
[2017.10.16-20.37.34:858][  0]LogTemp:Display: Loaded TP LinuxServerTargetPlatform
[2017.10.16-20.37.34:900][  0]LogTemp:Display: Loaded TP LinuxTargetPlatform
[2017.10.16-20.37.34:900][  0]LogTargetPlatformManager:Display: Building Assets For Windows
[2017.10.16-20.37.35:330][  0]LogDerivedDataCache:Display: Max Cache Size: 512 MB
[2017.10.16-20.37.35:413][  0]LogDerivedDataCache: Loaded boot cache 0.08s 90MB C:/Users/u0754412/AppData/Local/UnrealEngine/4.16/DerivedDataCache/Boot.ddc.
[2017.10.16-20.37.35:413][  0]LogDerivedDataCache:Display: Loaded Boot cache: C:/Users/u0754412/AppData/Local/UnrealEngine/4.16/DerivedDataCache/Boot.ddc
[2017.10.16-20.37.35:413][  0]LogDerivedDataCache: FDerivedDataBackendGraph:  Pak pak cache file E:/EAE 3660/dream team/my whitebox/DerivedDataCache/DDC.ddp not found, will not use a pak cache.
[2017.10.16-20.37.35:413][  0]LogDerivedDataCache: Unable to find inner node Pak for hierarchical cache Hierarchy.
[2017.10.16-20.37.35:413][  0]LogDerivedDataCache: FDerivedDataBackendGraph:  CompressedPak pak cache file E:/EAE 3660/dream team/my whitebox/DerivedDataCache/Compressed.ddp not found, will not use a pak cache.
[2017.10.16-20.37.35:413][  0]LogDerivedDataCache: Unable to find inner node CompressedPak for hierarchical cache Hierarchy.
[2017.10.16-20.37.35:427][  0]LogDerivedDataCache:Display: Pak cache opened for reading ../../../Engine/DerivedDataCache/Compressed.ddp.
[2017.10.16-20.37.35:439][  0]LogDerivedDataCache: Using Local data cache path C:/Users/u0754412/AppData/Local/UnrealEngine/Common/DerivedDataCache: Writable
[2017.10.16-20.37.35:448][  0]LogMaterial: Verifying Global Shaders for PCD3D_SM5
[2017.10.16-20.37.35:449][  0]LogSlate: Using Freetype 2.6.0
[2017.10.16-20.37.35:449][  0]LogSlate: SlateFontCache - WITH_FREETYPE: 1, WITH_HARFBUZZ: 1
[2017.10.16-20.37.35:449][  0]LogSlate: SlateFontCache - WITH_FREETYPE: 1, WITH_HARFBUZZ: 1
[2017.10.16-20.37.35:748][  0]LogInit: Selected Device Profile: [Windows]
[2017.10.16-20.37.35:828][  0]LogContentStreaming: Texture pool size is 0.00 MB
[2017.10.16-20.37.35:965][  0]LogMeshUtilities: Using QuadricMeshReduction for automatic static mesh reduction
[2017.10.16-20.37.36:004][  0]LogSimplygon: Simplygon DLL not present - disabling.
[2017.10.16-20.37.36:047][  0]LogMeshUtilities: Using SimplygonSwarm for distributed automatic mesh merging
[2017.10.16-20.37.36:047][  0]LogMeshUtilities: No automatic skeletal mesh reduction module available
[2017.10.16-20.37.36:047][  0]LogMeshUtilities: No automatic mesh merging module available
[2017.10.16-20.37.36:549][  0]LogNetVersion: MyWhitbox , NetCL: 3452394, EngineNetVer: 2, GameNetVer: 0 (Checksum: 2666048892)
[2017.10.16-20.37.36:607][  0]LogAssetRegistry: FAssetRegistry took 0.0251 seconds to start up
[2017.10.16-20.37.36:919][  0]LogPackageLocalizationCache: Processed 4 localized package path(s) for 2 prioritized culture(s) in 0.290037 seconds
[2017.10.16-20.37.36:924][  0]LogUObjectArray: 34194 objects as part of root set at end of initial load.
[2017.10.16-20.37.36:924][  0]LogUObjectAllocator: 7260424 out of 0 bytes used by permanent object pool.
[2017.10.16-20.37.36:924][  0]LogUObjectArray: CloseDisregardForGC: 0/0 objects in disregard for GC pool
[2017.10.16-20.37.36:987][  0]LogInit: WinSock: version 1.1 (2.2), MaxSocks=32767, MaxUdp=65467
[2017.10.16-20.37.39:201][  0]LogTcpMessaging: Initializing TcpMessaging bridge
[2017.10.16-20.37.39:240][  0]LogUdpMessaging: Initializing bridge on interface 0.0.0.0:0 to multicast group 230.0.0.1:6666.
[2017.10.16-20.37.39:720][  0]LogMaterial: Uniform references updated for custom material expression Custom.
[2017.10.16-20.37.40:071][  0]SourceControl: Info Source control is disabled
[2017.10.16-20.37.40:105][  0]SourceControl: Info Source control is disabled
[2017.10.16-20.37.40:150][  0]SourceControl: Info Source control is disabled
[2017.10.16-20.37.40:191][  0]SourceControl: Info Source control is disabled
[2017.10.16-20.37.40:778][  0]LogAndroidPermission: UAndroidPermissionCallbackProxy::GetInstance
[2017.10.16-20.37.41:295][  0]LogEngine: Initializing Engine...
[2017.10.16-20.37.41:295][  0]LogHMD: Failed to initialize OpenVR with code 110
[2017.10.16-20.37.41:462][  0]LogStats: UGameplayTagsManager::ConstructGameplayTagTree: Construct from data asset -  0.000 s
[2017.10.16-20.37.41:462][  0]LogStats: UGameplayTagsManager::ConstructGameplayTagTree: GameplayTagTreeChangedEvent.Broadcast -  0.000 s
[2017.10.16-20.37.41:575][  0]LogAIModule: Creating AISystem for world Untitled
[2017.10.16-20.37.41:585][  0]LogInit: XAudio2 using 'DELL UZ2315H-4 (NVIDIA High Definition Audio)' : 2 channels at 48 kHz using 16 bits per sample (channel mask 0x3)
[2017.10.16-20.37.41:594][  0]LogInit: FAudioDevice initialized.
[2017.10.16-20.37.41:635][  0]LogDerivedDataCache: Saved boot cache 0.04s 90MB C:/Users/u0754412/AppData/Local/UnrealEngine/4.16/DerivedDataCache/Boot.ddc.
[2017.10.16-20.37.41:643][  0]LogInit: Texture streaming: Enabled
[2017.10.16-20.37.41:730][  0]LogEngineSessionManager: EngineSessionManager initialized
[2017.10.16-20.37.41:922][  0]LogInit: Transaction tracking system initialized
[2017.10.16-20.37.42:188][  0]BlueprintLog: New page: Editor Load
[2017.10.16-20.37.42:992][  0]LocalizationService: Info Localization service is disabled
[2017.10.16-20.37.43:599][  0]LogConsoleResponse:Display: 
[2017.10.16-20.37.43:744][  0]LogCook:Display: Max memory allowance for cook 16384mb min free memory 0mb
[2017.10.16-20.37.43:744][  0]LogCook:Display: Mobile HDR setting 1
[2017.10.16-20.37.44:097][  0]LogFileCache: Scanning file cache for directory 'E:/EAE 3660/dream team/my whitebox/Content/' took 0.02s
[2017.10.16-20.37.44:629][  0]SourceControl: Info Source control is disabled
[2017.10.16-20.37.44:629][  0]Cmd: MAP LOAD FILE="E:/EAE 3660/dream team/my whitebox/Content/StarterContent/Maps/Minimal_Default.umap" TEMPLATE=0 SHOWPROGRESS=1 FEATURELEVEL=3
[2017.10.16-20.37.44:629][  0]LogEditorServer:Warning: Can't find file 'E:/EAE 3660/dream team/my whitebox/Content/StarterContent/Maps/Minimal_Default.umap'
[2017.10.16-20.37.44:629][  0]Cmd: MAP CHECKDEP NOCLEARLOG
[2017.10.16-20.37.44:669][  0]MapCheck: Info Map check complete: 0 Error(s), 0 Warning(s), took 39.469ms to complete.
[2017.10.16-20.37.44:669][  0]LogFileHelpers: Loading map 'Minimal_Default' took 0.040
[2017.10.16-20.37.44:784][  0]LogCollectionManager: Loaded 0 collections in 0.001637 seconds
[2017.10.16-20.37.44:855][  0]LogFileCache: Scanning file cache for directory 'E:/EAE 3660/dream team/my whitebox/Saved/Collections/' took 0.01s
[2017.10.16-20.37.44:855][  0]LogFileCache: Scanning file cache for directory 'E:/EAE 3660/dream team/my whitebox/Content/Developers/u0754412/Collections/' took 0.01s
[2017.10.16-20.37.44:855][  0]LogFileCache: Scanning file cache for directory 'E:/EAE 3660/dream team/my whitebox/Content/Collections/' took 0.01s
[2017.10.16-20.37.44:855][  0]LogCollectionManager: Rebuilt the GUID cache for 0 collections in 0.000001 seconds
[2017.10.16-20.37.44:863][  0]LogContentBrowser: Native class hierarchy populated in 0.0075 seconds. Added 2329 classes and 491 folders.
[2017.10.16-20.37.44:918][  0]LogContentBrowser: Native class hierarchy updated for 'WidgetCarousel' in 0.0005 seconds. Added 0 classes and 0 folders.
[2017.10.16-20.37.44:951][  0]LogContentBrowser: Native class hierarchy updated for 'AddContentDialog' in 0.0004 seconds. Added 0 classes and 0 folders.
[2017.10.16-20.37.44:989][  0]LogContentBrowser: Native class hierarchy updated for 'SceneOutliner' in 0.0005 seconds. Added 1 classes and 2 folders.
[2017.10.16-20.37.45:023][  0]LogCrashTracker: Crashtracker disabled due to settings.
[2017.10.16-20.37.45:027][  0]LogSlate: Took 0.000232 seconds to synchronously load lazily loaded font '../../../Engine/Content/Slate/Fonts/Roboto-Regular.ttf' (155K)
[2017.10.16-20.37.45:029][  0]LogSlate: Took 0.000244 seconds to synchronously load lazily loaded font '../../../Engine/Content/Slate/Fonts/Roboto-Bold.ttf' (160K)
[2017.10.16-20.37.45:034][  0]LogSlate: Took 0.000197 seconds to synchronously load lazily loaded font '../../../Engine/Content/Editor/Slate/Fonts/FontAwesome.ttf' (139K)
[2017.10.16-20.37.45:129][  0]LogRenderer: Reallocating scene render targets to support 1208x576 NumSamples 1 (Frame:1).
[2017.10.16-20.37.45:214][  0]LogUObjectGlobals:Warning: Failed to find object 'Class None.'
[2017.10.16-20.37.45:273][  0]LogContentBrowser: Native class hierarchy updated for 'HierarchicalLODOutliner' in 0.0005 seconds. Added 1 classes and 2 folders.
[2017.10.16-20.37.45:274][  0]LogLoad: (Engine Initialization) Total time: 16.10 seconds
[2017.10.16-20.37.45:274][  0]LogLoad: (Engine Initialization) Total Blueprint compile time: 0.04 seconds
[2017.10.16-20.37.45:274][  0]LogExternalProfiler: Found external profiler: VSPerf
[2017.10.16-20.37.45:274][  0]LogExternalProfiler: Using external profiler: VSPerf
[2017.10.16-20.37.45:290][  0]LogWindowsTextInputMethodSystem:Display: IME system now deactivated.
[2017.10.16-20.37.45:290][  0]LogOcInput: OculusInput pre-init called
[2017.10.16-20.37.45:290][  0]LogHMD: Starting GearVRController plugin
[2017.10.16-20.37.45:305][  0]LogAssetRegistry: Asset discovery search completed in 8.7199 seconds
[2017.10.16-20.37.45:307][  0]LogCollectionManager: Rebuilt the object cache for 0 collections in 0.000001 seconds (found 0 objects)
[2017.10.16-20.37.45:307][  0]LogCollectionManager: Fixed up redirectors for 0 collections in 0.000017 seconds (updated 0 objects)
[2017.10.16-20.37.45:308][  0]LogContentStreaming: Texture pool size now 1000 MB
[2017.10.16-20.37.45:348][  0]LogSlate: Took 0.000219 seconds to synchronously load lazily loaded font '../../../Engine/Content/Slate/Fonts/Roboto-Light.ttf' (159K)
[2017.10.16-20.37.51:097][674]LogSlate: Took 0.000128 seconds to synchronously load lazily loaded font '../../../Engine/Content/Slate/Fonts/Roboto-Light.ttf' (159K)
[2017.10.16-20.37.51:400][674]LogStaticMesh: Building static mesh alpha_box...
[2017.10.16-20.37.52:455][674]LogStaticMesh: Built static mesh [1.06s] /Game/StarterContent/Maps/first_floor/alpha_box.alpha_box
[2017.10.16-20.37.52:596][674]LogMaterial: Missing cached shader map for material M_Basic_Wall, compiling. 
[2017.10.16-20.37.52:631][674]LogMaterial: Missing cached shader map for material M_Basic_Wall, compiling. 
[2017.10.16-20.37.52:674][674]LogTexture:Display: Building textures: HQ_Lightmap1_1 (AutoDXT, 1024X1024)
[2017.10.16-20.37.52:900][674]LogTexture:Display: Building textures: HQ_Lightmap1_2 (AutoDXT, 256X256)
[2017.10.16-20.37.52:922][674]LogTexture:Display: Building textures: HQ_Lightmap1_3 (AutoDXT, 128X128)
[2017.10.16-20.37.52:933][674]LogTexture:Display: Building textures: HQ_Lightmap1_4 (AutoDXT, 64X64)
[2017.10.16-20.37.52:968][674]LogTexture:Display: Building textures: LQ_Lightmap_1_1 (DXT1, 1024X1024)
[2017.10.16-20.37.53:075][674]LogTexture:Display: Building textures: LQ_Lightmap_1_2 (DXT1, 256X256)
[2017.10.16-20.37.53:088][674]LogTexture:Display: Building textures: LQ_Lightmap_1_3 (DXT1, 128X128)
[2017.10.16-20.37.53:092][674]LogTexture:Display: Building textures: LQ_Lightmap_1_4 (DXT1, 64X64)
[2017.10.16-20.37.53:107][674]LogTexture:Display: Building textures: SkyOcclusion1_1 (AutoDXT, 1024X512)
[2017.10.16-20.37.53:222][674]LogSlate: Took 0.000260 seconds to synchronously load lazily loaded font '../../../Engine/Content/Slate/Fonts/Roboto-Regular.ttf' (155K)
[2017.10.16-20.37.53:229][674]LogTexture:Display: Building textures: SkyOcclusion1_2 (AutoDXT, 256X128)
[2017.10.16-20.37.53:240][674]LogTexture:Display: Building textures: SkyOcclusion1_3 (AutoDXT, 128X64)
[2017.10.16-20.37.53:247][674]LogTexture:Display: Building textures: SkyOcclusion1_4 (AutoDXT, 64X32)
[2017.10.16-20.37.53:252][674]LogTexture:Display: Building textures: ShadowMapTexture2D_3 (G8, 512X1024)
[2017.10.16-20.37.53:275][674]LogTexture:Display: Building textures: ShadowMapTexture2D_4 (G8, 64X64)
[2017.10.16-20.37.53:275][674]LogTexture:Display: Building textures: ShadowMapTexture2D_5 (G8, 32X32)
[2017.10.16-20.37.53:306][674]LogMaterial: Missing cached shader map for material M_Wood_Floor_Walnut_Polished, compiling. 
[2017.10.16-20.37.53:332][674]LogMaterial: Missing cached shader map for material M_Plains_Ocean, compiling. 
[2017.10.16-20.37.53:359][674]LogMaterial: Missing cached shader map for material M_Concrete_Tiles, compiling. 
[2017.10.16-20.37.53:386][674]LogMaterial: Missing cached shader map for material WorldGridMaterial, compiling. 
[2017.10.16-20.37.53:410][674]LogAIModule: Creating AISystem for world dedstoryedy_Classroom
[2017.10.16-20.37.53:454][674]Cmd: MAP LOAD FILE="E:/EAE 3660/dream team/my whitebox/Content/StarterContent/Maps/dedstoryedy_Classroom.umap" TEMPLATE=0 SHOWPROGRESS=1 FEATURELEVEL=3
[2017.10.16-20.37.53:454][674]LightingResults: New page: Lighting Build
[2017.10.16-20.37.53:521][674]LogContentBrowser: Native class hierarchy updated for 'StatsViewer' in 0.0009 seconds. Added 5 classes and 0 folders.
[2017.10.16-20.37.53:522][674]LoadErrors: New page: Loading map: dedstoryedy_Classroom.umap
[2017.10.16-20.37.53:523][674]MapCheck: New page: Map Check
[2017.10.16-20.37.53:523][674]LightingResults: New page: Lighting Build
[2017.10.16-20.37.53:547][674]LogEditorServer: Finished looking for orphan Actors (0.000 secs)
[2017.10.16-20.37.53:628][674]Cmd: MAP CHECKDEP NOCLEARLOG
[2017.10.16-20.37.53:694][674]MapCheck: Info Map check complete: 0 Error(s), 0 Warning(s), took 65.49ms to complete.
[2017.10.16-20.37.53:695][674]LogFileHelpers: Loading map 'dedstoryedy_Classroom' took 0.242
[2017.10.16-20.39.40:120][269]LogEditorViewport: Clicking on Actor (LMB): StaticMeshActor (SM_Chair)
[2017.10.16-20.39.59:018][504]Cmd: TRANSACTION UNDO
[2017.10.16-20.39.59:018][504]LogEditorTransaction: Undo Move Actors
[2017.10.16-20.39.59:033][504]LogSlate: Took 0.000229 seconds to synchronously load lazily loaded font '../../../Engine/Content/Slate/Fonts/Roboto-Light.ttf' (159K)
[2017.10.16-20.39.59:193][522]Cmd: TRANSACTION UNDO
[2017.10.16-20.39.59:193][522]LogEditorTransaction: Undo Move Actors
[2017.10.16-20.39.59:344][536]Cmd: TRANSACTION UNDO
[2017.10.16-20.39.59:344][536]LogEditorTransaction: Undo Move Actors
[2017.10.16-20.39.59:596][562]Cmd: TRANSACTION UNDO
[2017.10.16-20.39.59:596][562]LogEditorTransaction: Undo Move Actors
[2017.10.16-20.39.59:915][599]Cmd: TRANSACTION UNDO
[2017.10.16-20.39.59:915][599]LogEditorTransaction: Undo Move Actors
[2017.10.16-20.40.01:027][731]Cmd: TRANSACTION UNDO
[2017.10.16-20.40.01:027][731]LogEditorTransaction: Undo Move Actors
[2017.10.16-20.40.01:710][811]Cmd: TRANSACTION UNDO
[2017.10.16-20.40.01:710][811]LogEditorTransaction: Undo Move Actors
[2017.10.16-20.40.05:123][217]Cmd: SELECT NONE
[2017.10.16-20.41.04:710][357]Cmd: TRANSACTION UNDO
[2017.10.16-20.41.04:710][357]LogEditorTransaction: Undo Select None
[2017.10.16-20.41.05:688][465]Cmd: TRANSACTION UNDO
[2017.10.16-20.41.05:688][465]LogEditorTransaction: Undo Move Actors
[2017.10.16-20.41.05:866][484]Cmd: TRANSACTION UNDO
[2017.10.16-20.41.05:866][484]LogEditorTransaction: Undo Move Actors
[2017.10.16-20.41.06:043][504]Cmd: TRANSACTION UNDO
[2017.10.16-20.41.06:043][504]LogEditorTransaction: Undo Clicking on Actors
[2017.10.16-20.42.29:469][333]MapCheck: New page: Map Check
[2017.10.16-20.42.29:483][333]Cmd: MAP REBUILD ALLVISIBLE
[2017.10.16-20.42.29:486][333]LogEditorServer: Rebuildmap Clear paths rebuilt
[2017.10.16-20.42.30:470][333]LogMaterial: Missing cached shader map for material FDebugViewModeMaterialProxy WorldGridMaterial, compiling. Is special engine material.
[2017.10.16-20.42.30:475][333]LogMaterial: Missing cached shader map for material FDebugViewModeMaterialProxy MaterialInstanceDynamic_2, compiling. 
[2017.10.16-20.42.30:481][333]LogMaterial: Missing cached shader map for material FDebugViewModeMaterialProxy M_Basic_Wall, compiling. 
[2017.10.16-20.42.30:488][333]LogMaterial: Missing cached shader map for material FDebugViewModeMaterialProxy M_Basic_Wall, compiling. 
[2017.10.16-20.42.30:496][333]LogMaterial: Missing cached shader map for material FDebugViewModeMaterialProxy M_Plains_Ocean, compiling. 
[2017.10.16-20.42.30:503][333]LogMaterial: Missing cached shader map for material FDebugViewModeMaterialProxy WorldGridMaterial, compiling. 
[2017.10.16-20.42.30:511][333]LogMaterial: Missing cached shader map for material FDebugViewModeMaterialProxy M_Concrete_Tiles, compiling. 
[2017.10.16-20.42.30:519][333]LogMaterial: Missing cached shader map for material FDebugViewModeMaterialProxy M_Wood_Floor_Walnut_Polished, compiling. 
[2017.10.16-20.42.30:526][333]LogMaterial: Missing cached shader map for material FDebugViewModeMaterialProxy M_TableRound, compiling. 
[2017.10.16-20.42.30:534][333]LogMaterial: Missing cached shader map for material FDebugViewModeMaterialProxy M_Shelf, compiling. 
[2017.10.16-20.42.30:540][333]LogMaterial: Missing cached shader map for material FDebugViewModeMaterialProxy M_Basic_Wall, compiling. 
[2017.10.16-20.42.30:547][333]LogMaterial: Missing cached shader map for material FDebugViewModeMaterialProxy M_Chair, compiling. 
[2017.10.16-20.42.30:555][333]LogMaterial: Missing cached shader map for material FDebugViewModeMaterialProxy M_Door, compiling. 
[2017.10.16-20.42.30:561][333]LogMaterial: Missing cached shader map for material FDebugViewModeMaterialProxy M_Lamp, compiling. 
[2017.10.16-20.42.31:310][333]TextureStreamingBuild:Display: Compiling optional shaders took 0.846 seconds.
[2017.10.16-20.42.31:342][333]LogLevel:Display: Export Material TexCoord Scales took 0.032 seconds.
[2017.10.16-20.42.31:352][333]TextureStreamingBuild:Display: Build Texture Streaming took 0.010 seconds.
[2017.10.16-20.42.31:361][333]LightingResults: New page: Lighting Build - Oct 16, 2017, 8:42:31 AM
[2017.10.16-20.42.31:513][333]LogSwarmInterface: [OpenConnection] Registering TCP channel ...
[2017.10.16-20.42.31:608][333]LogSwarmInterface: [OpenConnection] Connecting to agent ...
[2017.10.16-20.42.31:621][333]LogSwarmInterface: [TryOpenConnection] Testing the Agent
[2017.10.16-20.42.32:137][333]LogSwarmInterface: [TryOpenConnection] Opening Connection to Agent
[2017.10.16-20.42.32:137][333]LogSwarmInterface: [TryOpenConnection] Local Process ID is 36844
[2017.10.16-20.42.34:967][333]LightingResults:Warning: Performance Warning No importance volume found and the scene is so large that the automatically synthesized volume will not yield good results.  Please add a tightly bounding lightmass importance volume to optimize your scene's quality and lighting build times.
[2017.10.16-20.42.34:968][333]LogStaticLightingSystem: Running Lightmass w/ ImmediateImport mode ENABLED
[2017.10.16-20.42.34:968][333]LogStaticLightingSystem: Running Lightmass w/ ImmediateProcess mode ENABLED
[2017.10.16-20.42.34:968][333]LogStaticLightingSystem: Running Lightmass w/ Sorting mode ENABLED
[2017.10.16-20.42.34:968][333]LogStaticLightingSystem: Running Lightmass w/ Mapping paddings ENABLED
[2017.10.16-20.42.34:968][333]LogStaticLightingSystem: Running Lightmass w/ Mapping debug paddings DISABLED
[2017.10.16-20.42.35:321][333]Cmd: MAP CHECK DONTDISPLAYDIALOG
[2017.10.16-20.42.35:321][333]MapCheck: New page: dedstoryedy_Classroom - Oct 16, 2017, 8:42:35 AM
[2017.10.16-20.42.35:369][333]MapCheck: Info Map check complete: 0 Error(s), 0 Warning(s), took 48.478ms to complete.
[2017.10.16-20.42.35:392][333]LogEditorBuildUtils: Build time 0:05
[2017.10.16-20.42.35:401][333]LogMaterial: Missing cached shader map for material FLightmassMaterialRenderer MaterialInstanceDynamic_2, compiling. 
[2017.10.16-20.42.35:406][333]LogMaterial: Missing cached shader map for material FLightmassMaterialRenderer MaterialInstanceDynamic_2, compiling. 
[2017.10.16-20.42.35:412][333]LogMaterial: Missing cached shader map for material FLightmassMaterialRenderer M_Basic_Wall, compiling. 
[2017.10.16-20.42.35:418][333]LogMaterial: Missing cached shader map for material FLightmassMaterialRenderer M_Basic_Wall, compiling. 
[2017.10.16-20.42.35:451][334]LogMaterial: Missing cached shader map for material FLightmassMaterialRenderer M_Plains_Ocean, compiling. 
[2017.10.16-20.42.35:459][334]LogMaterial: Missing cached shader map for material FLightmassMaterialRenderer M_Plains_Ocean, compiling. 
[2017.10.16-20.42.35:482][335]LogMaterial: Missing cached shader map for material FLightmassMaterialRenderer WorldGridMaterial, compiling. 
[2017.10.16-20.42.35:491][335]LogMaterial: Missing cached shader map for material FLightmassMaterialRenderer WorldGridMaterial, compiling. 
[2017.10.16-20.42.35:528][336]LogMaterial: Missing cached shader map for material FLightmassMaterialRenderer M_Concrete_Tiles, compiling. 
[2017.10.16-20.42.35:536][336]LogMaterial: Missing cached shader map for material FLightmassMaterialRenderer M_Concrete_Tiles, compiling. 
[2017.10.16-20.42.35:573][337]LogMaterial: Missing cached shader map for material FLightmassMaterialRenderer M_Wood_Floor_Walnut_Polished, compiling. 
[2017.10.16-20.42.35:581][337]LogMaterial: Missing cached shader map for material FLightmassMaterialRenderer M_Wood_Floor_Walnut_Polished, compiling. 
[2017.10.16-20.42.35:611][338]LogMaterial: Missing cached shader map for material FLightmassMaterialRenderer M_Chair, compiling. 
[2017.10.16-20.42.35:621][338]LogMaterial: Missing cached shader map for material FLightmassMaterialRenderer M_Chair, compiling. 
[2017.10.16-20.42.35:683][339]LogMaterial: Missing cached shader map for material FLightmassMaterialRenderer M_Basic_Wall, compiling. 
[2017.10.16-20.42.35:691][339]LogMaterial: Missing cached shader map for material FLightmassMaterialRenderer M_Basic_Wall, compiling. 
[2017.10.16-20.42.35:718][340]LogMaterial: Missing cached shader map for material FLightmassMaterialRenderer WorldGridMaterial, compiling. Is special engine material.
[2017.10.16-20.42.35:731][340]LogMaterial: Missing cached shader map for material FLightmassMaterialRenderer WorldGridMaterial, compiling. Is special engine material.
[2017.10.16-20.42.35:761][341]LogMaterial: Missing cached shader map for material FLightmassMaterialRenderer M_Door, compiling. 
[2017.10.16-20.42.35:769][341]LogMaterial: Missing cached shader map for material FLightmassMaterialRenderer M_Door, compiling. 
[2017.10.16-20.42.35:798][342]LogMaterial: Missing cached shader map for material FLightmassMaterialRenderer M_Basic_Wall, compiling. 
[2017.10.16-20.42.35:807][342]LogMaterial: Missing cached shader map for material FLightmassMaterialRenderer M_Basic_Wall, compiling. 
[2017.10.16-20.42.35:828][343]LogMaterial: Missing cached shader map for material FLightmassMaterialRenderer M_Shelf, compiling. 
[2017.10.16-20.42.35:835][343]LogMaterial: Missing cached shader map for material FLightmassMaterialRenderer M_Shelf, compiling. 
[2017.10.16-20.42.35:863][344]LogMaterial: Missing cached shader map for material FLightmassMaterialRenderer M_TableRound, compiling. 
[2017.10.16-20.42.35:871][344]LogMaterial: Missing cached shader map for material FLightmassMaterialRenderer M_TableRound, compiling. 
[2017.10.16-20.42.35:892][345]LogMaterial: Missing cached shader map for material FLightmassMaterialRenderer M_Lamp, compiling. 
[2017.10.16-20.42.35:899][345]LogMaterial: Missing cached shader map for material FLightmassMaterialRenderer M_Lamp, compiling. 
[2017.10.16-20.43.01:509][933]LightingResults:Warning: Warning alpha_box Object has overlapping UVs.
[2017.10.16-20.43.01:509][933]LightingResults: Info alpha_box Lightmap UV are overlapping by 78.0%. Please adjust content - Enable Error Coloring to visualize.
[2017.10.16-20.43.14:457][693]LogPhysics:Warning: FDerivedDataPhysXCooker::BuildTriMesh: Triangle data from '/Game/StarterContent/Maps/dedstoryedy_Classroom.dedstoryedy_Classroom:PersistentLevel.ModelComponent_49' invalid (14852 verts, 0 indices).
[2017.10.16-20.43.17:504][871]Job is a success!
[2017.10.16-20.43.17:682][872]LogTexture:Display: Building textures: SkyOcclusion0_1 (AutoDXT, 256X128)
[2017.10.16-20.43.17:682][872]LogTexture:Display: Building textures: HQ_Lightmap0_1 (AutoDXT, 256X256)
[2017.10.16-20.43.17:682][872]LogTexture:Display: Building textures: LQ_Lightmap_0_1 (DXT1, 256X256)
[2017.10.16-20.43.17:682][872]LogTexture:Display: Building textures: SkyOcclusion0_2 (AutoDXT, 128X64)
[2017.10.16-20.43.17:682][872]LogTexture:Display: Building textures: HQ_Lightmap0_2 (AutoDXT, 128X128)
[2017.10.16-20.43.17:682][872]LogTexture:Display: Building textures: LQ_Lightmap_0_2 (DXT1, 128X128)
[2017.10.16-20.43.17:682][872]LogTexture:Display: Building textures: SkyOcclusion0_3 (AutoDXT, 64X32)
[2017.10.16-20.43.17:682][872]LogTexture:Display: Building textures: HQ_Lightmap0_3 (AutoDXT, 64X64)
[2017.10.16-20.43.17:682][872]LogTexture:Display: Building textures: LQ_Lightmap_0_3 (DXT1, 64X64)
[2017.10.16-20.43.17:682][872]LogTexture:Display: Building textures: ShadowMapTexture2D_0 (G8, 64X64)
[2017.10.16-20.43.17:682][872]LogTexture:Display: Building textures: ShadowMapTexture2D_1 (G8, 32X32)
[2017.10.16-20.43.17:705][872]Lightmass on eae-d-014: 37.8 sec total, 171 ms importing, 49 ms setup, 9.86 sec photons, 27.7 sec processing, 0 ms extra exporting [620/620 mappings]. Threads: 3:14 min total, 2:43 min processing.
[2017.10.16-20.43.17:733][872]LogStaticLightingSystem: Illumination: 46.3 sec (38 ms encoding lightmaps, 9 ms encoding shadowmaps)
[2017.10.16-20.43.17:733][872]LogStaticLightingSystem: Lightmap texture memory:  0.2 MB (0.2 MB streaming, 0.0 MB non-streaming), 6 textures
[2017.10.16-20.43.17:733][872]LogStaticLightingSystem: Shadowmap texture memory: 0.0 MB (0.0 MB streaming, 0.0 MB non-streaming), 2 textures
[2017.10.16-20.43.17:996][872]DumpUnbuiltLightIteractions
[2017.10.16-20.43.17:996][872]Lights with unbuilt interactions: 0
[2017.10.16-20.43.17:996][872]
[2017.10.16-20.43.17:996][872]Primitives with unbuilt interactions: 0
[2017.10.16-20.43.18:049][873]Cmd: MAP CHECK NOTIFYRESULTS
[2017.10.16-20.43.18:049][873]MapCheck: New page: dedstoryedy_Classroom - Oct 16, 2017, 8:43:18 AM
[2017.10.16-20.43.18:095][873]MapCheck: Info Map check complete: 0 Error(s), 0 Warning(s), took 46.407ms to complete.
[2017.10.16-20.43.46:434][ 26]Cmd: QUIT_EDITOR
[2017.10.16-20.43.46:466][ 26]LogWindowsTextInputMethodSystem:Display: IME system now deactivated.
[2017.10.16-20.43.46:499][ 26]LogExit: Preparing to exit.
[2017.10.16-20.43.47:445][ 26]LogActorComponent: UnregisterComponent: (None.None) Not registered. Aborting.
[2017.10.16-20.43.47:445][ 26]LogActorComponent: UnregisterComponent: (None.None) Not registered. Aborting.
[2017.10.16-20.43.47:445][ 26]LogActorComponent: UnregisterComponent: (None.None) Not registered. Aborting.
[2017.10.16-20.43.47:487][ 26]LogExit: Editor shut down
[2017.10.16-20.43.47:490][ 26]LogExit: Transaction tracking system shut down
[2017.10.16-20.43.47:541][ 26]LogObj: Freed 0b from 0 cluster array pools.
[2017.10.16-20.43.47:541][ 26]LogExit: Object subsystem successfully closed.
[2017.10.16-20.43.47:564][ 26]LogD3D11RHI: Shutdown
[2017.10.16-20.43.47:564][ 26]LogD3D11RHI: CleanupD3DDevice
[2017.10.16-20.43.47:630][ 26]LogD3D11RHI: ~FD3D11DynamicRHI
[2017.10.16-20.43.47:642][ 26]LogModuleManager: Shutting down and abandoning module HierarchicalLODUtilities (526)
[2017.10.16-20.43.47:642][ 26]LogModuleManager: Shutting down and abandoning module StatsViewer (524)
[2017.10.16-20.43.47:642][ 26]LogModuleManager: Shutting down and abandoning module HierarchicalLODOutliner (522)
[2017.10.16-20.43.47:642][ 26]LogModuleManager: Shutting down and abandoning module CrashTracker (520)
[2017.10.16-20.43.47:642][ 26]LogModuleManager: Shutting down and abandoning module SceneOutliner (518)
[2017.10.16-20.43.47:642][ 26]LogModuleManager: Shutting down and abandoning module AddContentDialog (516)
[2017.10.16-20.43.47:643][ 26]LogDirectoryWatcher: A directory notification for 'C:/Program Files/Epic Games/UE_4.16/FeaturePacks/' was aborted.
[2017.10.16-20.43.47:644][ 26]LogModuleManager: Shutting down and abandoning module WidgetCarousel (515)
[2017.10.16-20.43.47:644][ 26]LogModuleManager: Shutting down and abandoning module EditorWidgets (512)
[2017.10.16-20.43.47:644][ 26]LogModuleManager: Shutting down and abandoning module CollectionManager (510)
[2017.10.16-20.43.47:644][ 26]LogDirectoryWatcher: A directory notification for 'E:/EAE 3660/dream team/my whitebox/Content/Collections/' was aborted.
[2017.10.16-20.43.47:644][ 26]LogDirectoryWatcher: A directory notification for 'E:/EAE 3660/dream team/my whitebox/Content/Developers/u0754412/Collections/' was aborted.
[2017.10.16-20.43.47:644][ 26]LogDirectoryWatcher: A directory notification for 'E:/EAE 3660/dream team/my whitebox/Saved/Collections/' was aborted.
[2017.10.16-20.43.47:644][ 26]LogModuleManager: Shutting down and abandoning module FoliageEdit (508)
[2017.10.16-20.43.47:644][ 26]LogModuleManager: Shutting down and abandoning module LandscapeEditor (506)
[2017.10.16-20.43.47:644][ 26]LogModuleManager: Shutting down and abandoning module MeshPaintMode (504)
[2017.10.16-20.43.47:644][ 26]LogModuleManager: Shutting down and abandoning module SceneDepthPickerMode (502)
[2017.10.16-20.43.47:644][ 26]LogModuleManager: Shutting down and abandoning module ActorPickerMode (500)
[2017.10.16-20.43.47:644][ 26]LogModuleManager: Shutting down and abandoning module GeometryMode (498)
[2017.10.16-20.43.47:644][ 26]LogModuleManager: Shutting down and abandoning module TextureAlignMode (496)
[2017.10.16-20.43.47:644][ 26]LogModuleManager: Shutting down and abandoning module BspMode (494)
[2017.10.16-20.43.47:644][ 26]LogModuleManager: Shutting down and abandoning module HardwareSurvey (492)
[2017.10.16-20.43.47:644][ 26]LogModuleManager: Shutting down and abandoning module SequenceRecorderSections (490)
[2017.10.16-20.43.47:644][ 26]LogModuleManager: Shutting down and abandoning module AutomationWorker (488)
[2017.10.16-20.43.47:644][ 26]LogModuleManager: Shutting down and abandoning module MatineeToLevelSequence (486)
[2017.10.16-20.43.47:644][ 26]LogModuleManager: Shutting down and abandoning module LevelSequenceEditor (484)
[2017.10.16-20.43.47:644][ 26]LogModuleManager: Shutting down and abandoning module PlacementMode (483)
[2017.10.16-20.43.47:644][ 26]LogModuleManager: Shutting down and abandoning module WmfMediaFactory (480)
[2017.10.16-20.43.47:644][ 26]LogModuleManager: Shutting down and abandoning module WmfMediaEditor (478)
[2017.10.16-20.43.47:644][ 26]LogModuleManager: Shutting down and abandoning module AvfMediaFactory (476)
[2017.10.16-20.43.47:644][ 26]LogModuleManager: Shutting down and abandoning module AvfMediaEditor (474)
[2017.10.16-20.43.47:644][ 26]LogModuleManager: Shutting down and abandoning module AndroidMediaFactory (472)
[2017.10.16-20.43.47:644][ 26]LogModuleManager: Shutting down and abandoning module Media (471)
[2017.10.16-20.43.47:644][ 26]LogModuleManager: Shutting down and abandoning module AndroidMediaEditor (468)
[2017.10.16-20.43.47:644][ 26]LogModuleManager: Shutting down and abandoning module CharacterAI (466)
[2017.10.16-20.43.47:644][ 26]LogModuleManager: Shutting down and abandoning module AudioCapture (464)
[2017.10.16-20.43.47:644][ 26]LogModuleManager: Shutting down and abandoning module SequenceRecorder (463)
[2017.10.16-20.43.47:644][ 26]LogModuleManager: Shutting down and abandoning module SmartSnapping (460)
[2017.10.16-20.43.47:644][ 26]LogModuleManager: Shutting down and abandoning module SessionServices (458)
[2017.10.16-20.43.47:644][ 26]LogModuleManager: Shutting down and abandoning module ViewportSnapping (456)
[2017.10.16-20.43.47:644][ 26]LogModuleManager: Shutting down and abandoning module ViewportInteraction (454)
[2017.10.16-20.43.47:644][ 26]LogModuleManager: Shutting down and abandoning module ClothPainter (452)
[2017.10.16-20.43.47:644][ 26]LogModuleManager: Shutting down and abandoning module LogVisualizer (450)
[2017.10.16-20.43.47:644][ 26]LogModuleManager: Shutting down and abandoning module IntroTutorials (448)
[2017.10.16-20.43.47:645][ 26]LogModuleManager: Shutting down and abandoning module GameProjectGeneration (447)
[2017.10.16-20.43.47:645][ 26]LogModuleManager: Shutting down and abandoning module EditorLiveStreaming (444)
[2017.10.16-20.43.47:645][ 26]LogModuleManager: Shutting down and abandoning module IOSPlatformEditor (442)
[2017.10.16-20.43.47:645][ 26]LogModuleManager: Shutting down and abandoning module HTML5PlatformEditor (440)
[2017.10.16-20.43.47:645][ 26]LogModuleManager: Shutting down and abandoning module AndroidPlatformEditor (438)
[2017.10.16-20.43.47:645][ 26]LogModuleManager: Shutting down and abandoning module AndroidDeviceDetection (437)
[2017.10.16-20.43.48:385][ 26]LogModuleManager: Shutting down and abandoning module IOSRuntimeSettings (434)
[2017.10.16-20.43.48:385][ 26]LogModuleManager: Shutting down and abandoning module AndroidRuntimeSettings (432)
[2017.10.16-20.43.48:385][ 26]LogModuleManager: Shutting down and abandoning module InputBindingEditor (430)
[2017.10.16-20.43.48:385][ 26]LogModuleManager: Shutting down and abandoning module MergeActors (428)
[2017.10.16-20.43.48:385][ 26]LogModuleManager: Shutting down and abandoning module SizeMap (426)
[2017.10.16-20.43.48:385][ 26]LogModuleManager: Shutting down and abandoning module TreeMap (424)
[2017.10.16-20.43.48:385][ 26]LogModuleManager: Shutting down and abandoning module ReferenceViewer (422)
[2017.10.16-20.43.48:385][ 26]LogModuleManager: Shutting down and abandoning module LocalizationDashboard (420)
[2017.10.16-20.43.48:385][ 26]LogModuleManager: Shutting down and abandoning module LocalizationService (419)
[2017.10.16-20.43.48:385][ 26]LogModuleManager: Shutting down and abandoning module HardwareTargeting (416)
[2017.10.16-20.43.48:385][ 26]LogModuleManager: Shutting down and abandoning module DeviceProfileEditor (414)
[2017.10.16-20.43.48:385][ 26]LogModuleManager: Shutting down and abandoning module UndoHistory (412)
[2017.10.16-20.43.48:385][ 26]LogModuleManager: Shutting down and abandoning module UserFeedback (410)
[2017.10.16-20.43.48:385][ 26]LogModuleManager: Shutting down and abandoning module XmlParser (408)
[2017.10.16-20.43.48:386][ 26]LogModuleManager: Shutting down and abandoning module Blutility (406)
[2017.10.16-20.43.48:386][ 26]LogModuleManager: Shutting down and abandoning module ProjectSettingsViewer (404)
[2017.10.16-20.43.48:386][ 26]LogModuleManager: Shutting down and abandoning module ProjectTargetPlatformEditor (403)
[2017.10.16-20.43.48:386][ 26]LogModuleManager: Shutting down and abandoning module EditorSettingsViewer (400)
[2017.10.16-20.43.48:386][ 26]LogModuleManager: Shutting down and abandoning module SettingsEditor (398)
[2017.10.16-20.43.48:386][ 26]LogModuleManager: Shutting down and abandoning module ProjectLauncher (396)
[2017.10.16-20.43.48:386][ 26]LogModuleManager: Shutting down and abandoning module SessionFrontend (394)
[2017.10.16-20.43.48:386][ 26]LogModuleManager: Shutting down and abandoning module ProfilerClient (392)
[2017.10.16-20.43.48:386][ 26]LogModuleManager: Shutting down and abandoning module DeviceManager (390)
[2017.10.16-20.43.48:386][ 26]LogModuleManager: Shutting down and abandoning module TargetDeviceServices (389)
[2017.10.16-20.43.48:449][ 26]LogModuleManager: Shutting down and abandoning module AutomationController (386)
[2017.10.16-20.43.48:449][ 26]LogModuleManager: Shutting down and abandoning module AutomationWindow (384)
[2017.10.16-20.43.48:449][ 26]LogModuleManager: Shutting down and abandoning module Layers (382)
[2017.10.16-20.43.48:449][ 26]LogModuleManager: Shutting down and abandoning module ComponentVisualizers (380)
[2017.10.16-20.43.48:449][ 26]LogModuleManager: Shutting down and abandoning module DetailCustomizations (378)
[2017.10.16-20.43.48:449][ 26]LogModuleManager: Shutting down and abandoning module PackagesDialog (376)
[2017.10.16-20.43.48:449][ 26]LogModuleManager: Shutting down and abandoning module Persona (374)
[2017.10.16-20.43.48:449][ 26]LogModuleManager: Shutting down and abandoning module AdvancedPreviewScene (373)
[2017.10.16-20.43.48:449][ 26]LogModuleManager: Shutting down and abandoning module AnimGraph (371)
[2017.10.16-20.43.48:449][ 26]LogModuleManager: Shutting down and abandoning module Kismet (368)
[2017.10.16-20.43.48:450][ 26]LogModuleManager: Shutting down and abandoning module ClassViewer (366)
[2017.10.16-20.43.48:450][ 26]LogModuleManager: Shutting down and abandoning module Toolbox (364)
[2017.10.16-20.43.48:450][ 26]LogModuleManager: Shutting down and abandoning module ModuleUI (362)
[2017.10.16-20.43.48:450][ 26]LogModuleManager: Shutting down and abandoning module MovieSceneTools (360)
[2017.10.16-20.43.48:450][ 26]LogModuleManager: Shutting down and abandoning module OutputLog (358)
[2017.10.16-20.43.48:450][ 26]LogModuleManager: Shutting down and abandoning module GammaUI (356)
[2017.10.16-20.43.48:450][ 26]LogModuleManager: Shutting down and abandoning module Documentation (354)
[2017.10.16-20.43.48:450][ 26]LogModuleManager: Shutting down and abandoning module MovieSceneTracks (352)
[2017.10.16-20.43.48:450][ 26]LogModuleManager: Shutting down and abandoning module MovieScene (350)
[2017.10.16-20.43.48:450][ 26]LogModuleManager: Shutting down and abandoning module Niagara (348)
[2017.10.16-20.43.48:450][ 26]LogModuleManager: Shutting down and abandoning module NiagaraEditor (347)
[2017.10.16-20.43.48:450][ 26]LogModuleManager: Shutting down and abandoning module StreamingPauseRendering (344)
[2017.10.16-20.43.48:450][ 26]LogModuleManager: Shutting down and abandoning module AnalyticsET (342)
[2017.10.16-20.43.48:450][ 26]LogModuleManager: Shutting down and abandoning module PortalServices (340)
[2017.10.16-20.43.48:450][ 26]LogModuleManager: Shutting down and abandoning module PortalRpc (338)
[2017.10.16-20.43.48:450][ 26]LogModuleManager: Shutting down and abandoning module MessagingRpc (336)
[2017.10.16-20.43.48:450][ 26]LogModuleManager: Shutting down and abandoning module AIModule (334)
[2017.10.16-20.43.48:450][ 26]LogModuleManager: Shutting down and abandoning module GameplayDebugger (333)
[2017.10.16-20.43.48:450][ 26]LogModuleManager: Shutting down and abandoning module AITestSuite (331)
[2017.10.16-20.43.48:450][ 26]LogModuleManager: Shutting down and abandoning module ProfilerService (328)
[2017.10.16-20.43.48:596][ 26]LogModuleManager: Shutting down and abandoning module TaskGraph (326)
[2017.10.16-20.43.48:596][ 26]LogModuleManager: Shutting down and abandoning module SteamVRController (324)
[2017.10.16-20.43.48:596][ 26]LogModuleManager: Shutting down and abandoning module SteamVR (322)
[2017.10.16-20.43.48:596][ 26]LogModuleManager: Shutting down and abandoning module ProceduralMeshComponentEditor (320)
[2017.10.16-20.43.48:596][ 26]LogModuleManager: Shutting down and abandoning module ProceduralMeshComponent (318)
[2017.10.16-20.43.48:596][ 26]LogModuleManager: Shutting down and abandoning module OculusLibrary (316)
[2017.10.16-20.43.48:596][ 26]LogModuleManager: Shutting down and abandoning module OculusInput (314)
[2017.10.16-20.43.48:596][ 26]LogModuleManager: Shutting down and abandoning module MobilePatchingUtils (312)
[2017.10.16-20.43.48:596][ 26]LogModuleManager: Shutting down and abandoning module CustomMeshComponent (310)
[2017.10.16-20.43.48:596][ 26]LogModuleManager: Shutting down and abandoning module CableComponent (308)
[2017.10.16-20.43.48:596][ 26]LogModuleManager: Shutting down and abandoning module ArchVisCharacter (306)
[2017.10.16-20.43.48:596][ 26]LogModuleManager: Shutting down and abandoning module AndroidPermission (304)
[2017.10.16-20.43.48:596][ 26]LogModuleManager: Shutting down and abandoning module MediaPlayerEditor (300)
[2017.10.16-20.43.48:596][ 26]LogModuleManager: Shutting down and abandoning module HTML5Networking (298)
[2017.10.16-20.43.48:596][ 26]LogModuleManager: Shutting down and abandoning module AlembicImporter (296)
[2017.10.16-20.43.48:596][ 26]LogModuleManager: Shutting down and abandoning module AlembicLibrary (295)
[2017.10.16-20.43.48:596][ 26]LogModuleManager: Shutting down and abandoning module GeometryCache (294)
[2017.10.16-20.43.48:596][ 26]LogModuleManager: Shutting down and abandoning module GeometryCacheEd (293)
[2017.10.16-20.43.48:596][ 26]LogModuleManager: Shutting down and abandoning module SuperSearchEditor (288)
[2017.10.16-20.43.48:596][ 26]LogModuleManager: Shutting down and abandoning module SuperSearch (287)
[2017.10.16-20.43.48:596][ 26]LogModuleManager: Shutting down and abandoning module SpeedTreeImporter (284)
[2017.10.16-20.43.48:596][ 26]LogModuleManager: Shutting down and abandoning module PluginBrowser (282)
[2017.10.16-20.43.48:596][ 26]LogModuleManager: Shutting down and abandoning module MobileLauncherProfileWizard (280)
[2017.10.16-20.43.48:596][ 26]LogModuleManager: Shutting down and abandoning module VisualStudioSourceCodeAccess (278)
[2017.10.16-20.43.48:596][ 26]LogModuleManager: Shutting down and abandoning module DesktopPlatform (277)
[2017.10.16-20.43.48:596][ 26]LogModuleManager: Shutting down and abandoning module UObjectPlugin (274)
[2017.10.16-20.43.48:596][ 26]LogModuleManager: Shutting down and abandoning module SubversionSourceControl (272)
[2017.10.16-20.43.48:596][ 26]LogModuleManager: Shutting down and abandoning module PerforceSourceControl (270)
[2017.10.16-20.43.48:596][ 26]LogModuleManager: Shutting down and abandoning module GitSourceControl (268)
[2017.10.16-20.43.48:596][ 26]LogModuleManager: Shutting down and abandoning module SourceControl (267)
[2017.10.16-20.43.48:596][ 26]LogModuleManager: Shutting down and abandoning module LightPropagationVolumeEditor (264)
[2017.10.16-20.43.48:596][ 26]LogModuleManager: Shutting down and abandoning module PaperTiledImporter (262)
[2017.10.16-20.43.48:596][ 26]LogModuleManager: Shutting down and abandoning module PaperSpriteSheetImporter (260)
[2017.10.16-20.43.48:596][ 26]LogModuleManager: Shutting down and abandoning module Paper2DEditor (258)
[2017.10.16-20.43.48:596][ 26]LogModuleManager: Shutting down and abandoning module MeshPaint (257)
[2017.10.16-20.43.48:596][ 26]LogModuleManager: Shutting down and abandoning module LevelEditor (255)
[2017.10.16-20.43.48:597][ 26]LogModuleManager: Shutting down and abandoning module PixelInspectorModule (254)
[2017.10.16-20.43.48:597][ 26]LogModuleManager: Shutting down and abandoning module MainFrame (252)
[2017.10.16-20.43.48:597][ 26]LogModuleManager: Shutting down and abandoning module HotReload (251)
[2017.10.16-20.43.48:597][ 26]LogModuleManager: Shutting down and abandoning module PhysXVehiclesEditor (246)
[2017.10.16-20.43.48:597][ 26]LogModuleManager: Shutting down and abandoning module PhysXVehicles (244)
[2017.10.16-20.43.48:597][ 26]LogModuleManager: Shutting down and abandoning module LocationServicesBPLibrary (242)
[2017.10.16-20.43.48:597][ 26]LogModuleManager: Shutting down and abandoning module ImmediatePhysicsEditor (240)
[2017.10.16-20.43.48:597][ 26]LogModuleManager: Shutting down and abandoning module ImmediatePhysics (238)
[2017.10.16-20.43.48:597][ 26]LogModuleManager: Shutting down and abandoning module UdpMessaging (236)
[2017.10.16-20.43.48:698][ 26]LogModuleManager: Shutting down and abandoning module TcpMessaging (234)
[2017.10.16-20.43.48:798][ 26]LogModuleManager: Shutting down and abandoning module GameplayTagsEditor (232)
[2017.10.16-20.43.48:798][ 26]LogModuleManager: Shutting down and abandoning module FacialAnimationEditor (230)
[2017.10.16-20.43.48:798][ 26]LogModuleManager: Shutting down and abandoning module FacialAnimation (228)
[2017.10.16-20.43.48:798][ 26]LogModuleManager: Shutting down and abandoning module AssetManagerEditor (226)
[2017.10.16-20.43.48:798][ 26]LogModuleManager: Shutting down and abandoning module GraphEditor (225)
[2017.10.16-20.43.48:798][ 26]LogModuleManager: Shutting down and abandoning module ContentBrowser (223)
[2017.10.16-20.43.48:799][ 26]LogModuleManager: Shutting down and abandoning module LightPropagationVolumeRuntime (220)
[2017.10.16-20.43.48:799][ 26]LogModuleManager: Shutting down and abandoning module Paper2D (218)
[2017.10.16-20.43.48:799][ 26]LogModuleManager: Shutting down and abandoning module WindowsMoviePlayer (216)
[2017.10.16-20.43.48:799][ 26]LogModuleManager: Shutting down and abandoning module WmfMedia (214)
[2017.10.16-20.43.48:800][ 26]LogModuleManager: Shutting down and abandoning module ClothingSystemEditor (212)
[2017.10.16-20.43.48:800][ 26]LogModuleManager: Shutting down and abandoning module ClothingSystemRuntime (210)
[2017.10.16-20.43.48:800][ 26]LogModuleManager: Shutting down and abandoning module MediaAssets (208)
[2017.10.16-20.43.48:800][ 26]LogModuleManager: Shutting down and abandoning module GameLiveStreaming (206)
[2017.10.16-20.43.48:800][ 26]LogModuleManager: Shutting down and abandoning module VREditor (204)
[2017.10.16-20.43.48:800][ 26]LogModuleManager: Shutting down and abandoning module StringTableEditor (202)
[2017.10.16-20.43.48:800][ 26]LogModuleManager: Shutting down and abandoning module GameplayTasksEditor (200)
[2017.10.16-20.43.48:800][ 26]LogModuleManager: Shutting down and abandoning module BehaviorTreeEditor (198)
[2017.10.16-20.43.48:800][ 26]LogModuleManager: Shutting down and abandoning module FunctionalTesting (196)
[2017.10.16-20.43.48:800][ 26]LogModuleManager: Shutting down and abandoning module CollisionAnalyzer (194)
[2017.10.16-20.43.48:800][ 26]LogModuleManager: Shutting down and abandoning module UMG (192)
[2017.10.16-20.43.48:800][ 26]LogModuleManager: Shutting down and abandoning module UMGEditor (191)
[2017.10.16-20.43.48:800][ 26]LogModuleManager: Shutting down and abandoning module Sequencer (190)
[2017.10.16-20.43.48:800][ 26]LogModuleManager: Shutting down and abandoning module AssetTools (188)
[2017.10.16-20.43.48:800][ 26]LogModuleManager: Shutting down and abandoning module MessageLog (187)
[2017.10.16-20.43.48:800][ 26]LogModuleManager: Shutting down and abandoning module WorkspaceMenuStructure (186)
[2017.10.16-20.43.48:800][ 26]LogModuleManager: Shutting down and abandoning module SlateReflector (180)
[2017.10.16-20.43.48:800][ 26]LogModuleManager: Shutting down and abandoning module Slate (178)
[2017.10.16-20.43.48:800][ 26]LogModuleManager: Shutting down and abandoning module EditorStyle (176)
[2017.10.16-20.43.48:802][ 26]LogModuleManager: Shutting down and abandoning module SourceCodeAccess (174)
[2017.10.16-20.43.48:802][ 26]LogModuleManager: Shutting down and abandoning module HeadMountedDisplay (172)
[2017.10.16-20.43.48:802][ 26]LogModuleManager: Shutting down and abandoning module XAudio2 (170)
[2017.10.16-20.43.48:802][ 26]LogModuleManager: Shutting down and abandoning module Networking (168)
[2017.10.16-20.43.48:802][ 26]LogModuleManager: Shutting down and abandoning module Core (164)
[2017.10.16-20.43.48:802][ 26]LogModuleManager: Shutting down and abandoning module AssetRegistry (162)
[2017.10.16-20.43.49:061][ 26]LogDirectoryWatcher: A directory notification for '../../../Engine/Content/' was aborted.
[2017.10.16-20.43.49:061][ 26]LogDirectoryWatcher: A directory notification for 'E:/EAE 3660/dream team/my whitebox/Content/' was aborted.
[2017.10.16-20.43.49:061][ 26]LogDirectoryWatcher: A directory notification for '../../../Engine/Plugins/2D/Paper2D/Content/' was aborted.
[2017.10.16-20.43.49:061][ 26]LogDirectoryWatcher: A directory notification for '../../../Engine/Plugins/Runtime/GearVR/Content/' was aborted.
[2017.10.16-20.43.49:065][ 26]LogModuleManager: Shutting down and abandoning module DirectoryWatcher (161)
[2017.10.16-20.43.49:065][ 26]LogModuleManager: Shutting down and abandoning module KismetCompiler (158)
[2017.10.16-20.43.49:065][ 26]LogModuleManager: Shutting down and abandoning module LevelSequence (156)
[2017.10.16-20.43.49:065][ 26]LogModuleManager: Shutting down and abandoning module PhysXFormats (154)
[2017.10.16-20.43.49:065][ 26]LogModuleManager: Shutting down and abandoning module MeshUtilities (152)
[2017.10.16-20.43.49:065][ 26]LogModuleManager: Shutting down and abandoning module SimplygonSwarm (151)
[2017.10.16-20.43.49:065][ 26]LogModuleManager: Shutting down and abandoning module SimplygonMeshReduction (149)
[2017.10.16-20.43.49:065][ 26]LogModuleManager: Shutting down and abandoning module QuadricMeshReduction (147)
[2017.10.16-20.43.49:065][ 26]LogModuleManager: Shutting down and abandoning module DerivedDataCache (144)
[2017.10.16-20.43.49:144][ 26]LogDerivedDataCache: Shutdown
[2017.10.16-20.43.49:144][ 26]LogModuleManager: Shutting down and abandoning module TargetPlatform (142)
[2017.10.16-20.43.49:144][ 26]LogModuleManager: Shutting down and abandoning module VulkanShaderFormat (141)
[2017.10.16-20.43.49:144][ 26]LogModuleManager: Shutting down and abandoning module ShaderFormatVectorVM (139)
[2017.10.16-20.43.49:144][ 26]LogModuleManager: Shutting down and abandoning module ShaderFormatOpenGL (137)
[2017.10.16-20.43.49:144][ 26]LogModuleManager: Shutting down and abandoning module ShaderFormatD3D (135)
[2017.10.16-20.43.49:144][ 26]LogModuleManager: Shutting down and abandoning module MetalShaderFormat (133)
[2017.10.16-20.43.49:144][ 26]LogModuleManager: Shutting down and abandoning module TextureFormatUncompressed (131)
[2017.10.16-20.43.49:144][ 26]LogModuleManager: Shutting down and abandoning module TextureFormatPVR (129)
[2017.10.16-20.43.49:144][ 26]LogModuleManager: Shutting down and abandoning module TextureFormatDXT (127)
[2017.10.16-20.43.49:144][ 26]LogModuleManager: Shutting down and abandoning module TextureFormatIntelISPCTexComp (125)
[2017.10.16-20.43.49:144][ 26]LogModuleManager: Shutting down and abandoning module TextureFormatASTC (123)
[2017.10.16-20.43.49:144][ 26]LogModuleManager: Shutting down and abandoning module ImageWrapper (122)
[2017.10.16-20.43.49:144][ 26]LogModuleManager: Shutting down and abandoning module TextureFormatAndroid (119)
[2017.10.16-20.43.49:144][ 26]LogModuleManager: Shutting down and abandoning module AudioFormatOpus (117)
[2017.10.16-20.43.49:144][ 26]LogModuleManager: Shutting down and abandoning module AudioFormatOgg (115)
[2017.10.16-20.43.49:144][ 26]LogModuleManager: Shutting down and abandoning module AudioFormatADPCM (113)
[2017.10.16-20.43.49:144][ 26]LogModuleManager: Shutting down and abandoning module LinuxTargetPlatform (111)
[2017.10.16-20.43.49:144][ 26]LogModuleManager: Shutting down and abandoning module LinuxServerTargetPlatform (109)
[2017.10.16-20.43.49:144][ 26]LogModuleManager: Shutting down and abandoning module LinuxNoEditorTargetPlatform (107)
[2017.10.16-20.43.49:144][ 26]LogModuleManager: Shutting down and abandoning module LinuxClientTargetPlatform (105)
[2017.10.16-20.43.49:144][ 26]LogModuleManager: Shutting down and abandoning module TVOSTargetPlatform (103)
[2017.10.16-20.43.49:144][ 26]LogModuleManager: Shutting down and abandoning module Messaging (101)
[2017.10.16-20.43.49:144][ 26]LogModuleManager: Shutting down and abandoning module IOSTargetPlatform (99)
[2017.10.16-20.43.49:144][ 26]LogModuleManager: Shutting down and abandoning module HTML5TargetPlatform (97)
[2017.10.16-20.43.49:144][ 26]LogModuleManager: Shutting down and abandoning module Android_PVRTCTargetPlatform (95)
[2017.10.16-20.43.49:144][ 26]LogModuleManager: Shutting down and abandoning module Android_MultiTargetPlatform (93)
[2017.10.16-20.43.49:144][ 26]LogModuleManager: Shutting down and abandoning module Android_ETC2TargetPlatform (91)
[2017.10.16-20.43.49:144][ 26]LogModuleManager: Shutting down and abandoning module Android_ETC1TargetPlatform (89)
[2017.10.16-20.43.49:144][ 26]LogModuleManager: Shutting down and abandoning module Android_DXTTargetPlatform (87)
[2017.10.16-20.43.49:144][ 26]LogModuleManager: Shutting down and abandoning module Android_ATCTargetPlatform (85)
[2017.10.16-20.43.49:144][ 26]LogModuleManager: Shutting down and abandoning module Android_ASTCTargetPlatform (83)
[2017.10.16-20.43.49:144][ 26]LogModuleManager: Shutting down and abandoning module AndroidTargetPlatform (81)
[2017.10.16-20.43.49:144][ 26]LogModuleManager: Shutting down and abandoning module WindowsTargetPlatform (79)
[2017.10.16-20.43.49:144][ 26]LogModuleManager: Shutting down and abandoning module WindowsServerTargetPlatform (77)
[2017.10.16-20.43.49:144][ 26]LogModuleManager: Shutting down and abandoning module WindowsNoEditorTargetPlatform (75)
[2017.10.16-20.43.49:144][ 26]LogModuleManager: Shutting down and abandoning module WindowsClientTargetPlatform (73)
[2017.10.16-20.43.49:144][ 26]LogModuleManager: Shutting down and abandoning module MacTargetPlatform (71)
[2017.10.16-20.43.49:144][ 26]LogModuleManager: Shutting down and abandoning module MacServerTargetPlatform (69)
[2017.10.16-20.43.49:144][ 26]LogModuleManager: Shutting down and abandoning module MacNoEditorTargetPlatform (67)
[2017.10.16-20.43.49:144][ 26]LogModuleManager: Shutting down and abandoning module MacClientTargetPlatform (65)
[2017.10.16-20.43.49:144][ 26]LogModuleManager: Shutting down and abandoning module AllDesktopTargetPlatform (63)
[2017.10.16-20.43.49:144][ 26]LogModuleManager: Shutting down and abandoning module InputCore (60)
[2017.10.16-20.43.49:144][ 26]LogModuleManager: Shutting down and abandoning module Settings (58)
[2017.10.16-20.43.49:144][ 26]LogModuleManager: Shutting down and abandoning module OculusRift (56)
[2017.10.16-20.43.49:144][ 26]LogModuleManager: Shutting down and abandoning module GearVRController (54)
[2017.10.16-20.43.49:144][ 26]LogModuleManager: Shutting down and abandoning module GearVR (52)
[2017.10.16-20.43.49:144][ 26]LogModuleManager: Shutting down and abandoning module ExampleDeviceProfileSelector (50)
[2017.10.16-20.43.49:144][ 26]LogModuleManager: Shutting down and abandoning module OnlineBlueprintSupport (48)
[2017.10.16-20.43.49:144][ 26]LogModuleManager: Shutting down and abandoning module OnlineSubsystem (44)
[2017.10.16-20.43.49:144][ 26]LogOnline:Display: Unloading online subsystem: NULL
[2017.10.16-20.43.49:144][ 26]LogModuleManager: Shutting down and abandoning module XMPP (43)
[2017.10.16-20.43.49:144][ 26]LogModuleManager: Shutting down and abandoning module HTTP (41)
[2017.10.16-20.43.49:144][ 26]LogHttp:Display: Http module shutting down, but needs to wait on 1 outstanding Http requests:
[2017.10.16-20.43.49:144][ 26]LogHttp:Display: 	verb=[POST] url=[https://datarouter.ol.epicgames.com/datarouter/api/v1/public/data?SessionID=%7B31AFA4F7-4153-5DFA-71F9-79A620D8737E%7D&AppID=UEEditor.Rocket.Release&AppVersion=4.16.3-3561208%2B%2B%2BUE4%2BRelease-4.16&UserID=62eb448142d87d62ea59ee8108bbb848%7C6e002c7316ca4d2e852f0c890395a9ee%7C31537957-7bda-4984-b434-ea9d7a693b5c&AppEnvironment=datacollector-binary&UploadType=eteventstream] status=Processing
[2017.10.16-20.43.49:162][ 26]LogModuleManager: Shutting down and abandoning module SSL (40)
[2017.10.16-20.43.49:164][ 26]LogModuleManager: Shutting down and abandoning module HTTPChunkInstaller (36)
[2017.10.16-20.43.49:164][ 26]LogModuleManager: Shutting down and abandoning module AnimationModifiers (34)
[2017.10.16-20.43.49:164][ 26]LogModuleManager: Shutting down and abandoning module PropertyEditor (33)
[2017.10.16-20.43.49:164][ 26]LogModuleManager: Shutting down and abandoning module AudioEditor (30)
[2017.10.16-20.43.49:164][ 26]LogModuleManager: Shutting down and abandoning module TextureCompressor (28)
[2017.10.16-20.43.49:164][ 26]LogModuleManager: Shutting down and abandoning module ShaderCore (26)
[2017.10.16-20.43.49:164][ 26]LogModuleManager: Shutting down and abandoning module Landscape (24)
[2017.10.16-20.43.49:164][ 26]LogModuleManager: Shutting down and abandoning module SlateRHIRenderer (22)
[2017.10.16-20.43.49:164][ 26]LogModuleManager: Shutting down and abandoning module OpenGLDrv (20)
[2017.10.16-20.43.49:165][ 26]LogModuleManager: Shutting down and abandoning module D3D11RHI (18)
[2017.10.16-20.43.49:165][ 26]LogModuleManager: Shutting down and abandoning module AnimGraphRuntime (16)
[2017.10.16-20.43.49:165][ 26]LogModuleManager: Shutting down and abandoning module Renderer (14)
[2017.10.16-20.43.49:165][ 26]LogModuleManager: Shutting down and abandoning module Engine (12)
[2017.10.16-20.43.49:165][ 26]LogModuleManager: Shutting down and abandoning module CoreUObject (10)
[2017.10.16-20.43.49:165][ 26]LogModuleManager: Shutting down and abandoning module NetworkFile (8)
[2017.10.16-20.43.49:165][ 26]LogModuleManager: Shutting down and abandoning module StreamingFile (6)
[2017.10.16-20.43.49:165][ 26]LogModuleManager: Shutting down and abandoning module SandboxFile (4)
[2017.10.16-20.43.49:165][ 26]LogModuleManager: Shutting down and abandoning module PakFile (2)
[2017.10.16-20.43.49:166][ 26]LogExit: Exiting.
[2017.10.16-20.43.49:200][ 26]Log file closed, 10/16/17 14:43:49
